mode: atomic
github.com/skaldlabs/skald-go/client.go:23.58,25.42 2 22
github.com/skaldlabs/skald-go/client.go:25.42,27.3 1 2
github.com/skaldlabs/skald-go/client.go:29.2,33.3 1 22
github.com/skaldlabs/skald-go/client.go:37.98,39.30 1 4
github.com/skaldlabs/skald-go/client.go:39.30,41.3 1 3
github.com/skaldlabs/skald-go/client.go:43.2,44.16 2 4
github.com/skaldlabs/skald-go/client.go:44.16,46.3 1 0
github.com/skaldlabs/skald-go/client.go:48.2,49.16 2 4
github.com/skaldlabs/skald-go/client.go:49.16,51.3 1 0
github.com/skaldlabs/skald-go/client.go:52.2,52.15 1 4
github.com/skaldlabs/skald-go/client.go:52.15,52.40 1 4
github.com/skaldlabs/skald-go/client.go:54.2,54.46 1 4
github.com/skaldlabs/skald-go/client.go:54.46,56.3 1 1
github.com/skaldlabs/skald-go/client.go:58.2,59.67 2 3
github.com/skaldlabs/skald-go/client.go:59.67,61.3 1 0
github.com/skaldlabs/skald-go/client.go:63.2,63.21 1 3
github.com/skaldlabs/skald-go/client.go:67.95,69.21 2 3
github.com/skaldlabs/skald-go/client.go:69.21,71.72 2 3
github.com/skaldlabs/skald-go/client.go:71.72,73.4 1 1
github.com/skaldlabs/skald-go/client.go:76.2,77.35 2 2
github.com/skaldlabs/skald-go/client.go:77.35,79.3 1 1
github.com/skaldlabs/skald-go/client.go:81.2,83.16 3 2
github.com/skaldlabs/skald-go/client.go:83.16,85.3 1 0
github.com/skaldlabs/skald-go/client.go:86.2,86.15 1 2
github.com/skaldlabs/skald-go/client.go:86.15,86.40 1 2
github.com/skaldlabs/skald-go/client.go:88.2,88.46 1 2
github.com/skaldlabs/skald-go/client.go:88.46,90.3 1 0
github.com/skaldlabs/skald-go/client.go:92.2,93.65 2 2
github.com/skaldlabs/skald-go/client.go:93.65,95.3 1 0
github.com/skaldlabs/skald-go/client.go:97.2,97.19 1 2
github.com/skaldlabs/skald-go/client.go:101.102,103.19 2 1
github.com/skaldlabs/skald-go/client.go:103.19,104.25 1 1
github.com/skaldlabs/skald-go/client.go:104.25,106.4 1 1
github.com/skaldlabs/skald-go/client.go:107.3,107.29 1 1
github.com/skaldlabs/skald-go/client.go:107.29,109.4 1 1
github.com/skaldlabs/skald-go/client.go:112.2,113.16 2 1
github.com/skaldlabs/skald-go/client.go:113.16,115.3 1 0
github.com/skaldlabs/skald-go/client.go:116.2,116.15 1 1
github.com/skaldlabs/skald-go/client.go:116.15,116.40 1 1
github.com/skaldlabs/skald-go/client.go:118.2,118.46 1 1
github.com/skaldlabs/skald-go/client.go:118.46,120.3 1 0
github.com/skaldlabs/skald-go/client.go:122.2,123.67 2 1
github.com/skaldlabs/skald-go/client.go:123.67,125.3 1 0
github.com/skaldlabs/skald-go/client.go:127.2,127.21 1 1
github.com/skaldlabs/skald-go/client.go:131.139,133.21 2 1
github.com/skaldlabs/skald-go/client.go:133.21,135.72 2 0
github.com/skaldlabs/skald-go/client.go:135.72,137.4 1 0
github.com/skaldlabs/skald-go/client.go:140.2,141.35 2 1
github.com/skaldlabs/skald-go/client.go:141.35,143.3 1 0
github.com/skaldlabs/skald-go/client.go:145.2,146.16 2 1
github.com/skaldlabs/skald-go/client.go:146.16,148.3 1 0
github.com/skaldlabs/skald-go/client.go:150.2,152.16 3 1
github.com/skaldlabs/skald-go/client.go:152.16,154.3 1 0
github.com/skaldlabs/skald-go/client.go:155.2,155.15 1 1
github.com/skaldlabs/skald-go/client.go:155.15,155.40 1 1
github.com/skaldlabs/skald-go/client.go:157.2,157.46 1 1
github.com/skaldlabs/skald-go/client.go:157.46,159.3 1 0
github.com/skaldlabs/skald-go/client.go:161.2,162.67 2 1
github.com/skaldlabs/skald-go/client.go:162.67,164.3 1 0
github.com/skaldlabs/skald-go/client.go:166.2,166.21 1 1
github.com/skaldlabs/skald-go/client.go:170.89,172.21 2 2
github.com/skaldlabs/skald-go/client.go:172.21,174.72 2 0
github.com/skaldlabs/skald-go/client.go:174.72,176.4 1 0
github.com/skaldlabs/skald-go/client.go:179.2,180.35 2 2
github.com/skaldlabs/skald-go/client.go:180.35,182.3 1 0
github.com/skaldlabs/skald-go/client.go:184.2,186.16 3 2
github.com/skaldlabs/skald-go/client.go:186.16,188.3 1 0
github.com/skaldlabs/skald-go/client.go:189.2,189.15 1 2
github.com/skaldlabs/skald-go/client.go:189.15,189.40 1 2
github.com/skaldlabs/skald-go/client.go:191.2,191.46 1 2
github.com/skaldlabs/skald-go/client.go:191.46,193.3 1 0
github.com/skaldlabs/skald-go/client.go:195.2,195.12 1 2
github.com/skaldlabs/skald-go/client.go:199.96,201.16 2 2
github.com/skaldlabs/skald-go/client.go:201.16,203.3 1 0
github.com/skaldlabs/skald-go/client.go:205.2,206.16 2 2
github.com/skaldlabs/skald-go/client.go:206.16,208.3 1 0
github.com/skaldlabs/skald-go/client.go:209.2,209.15 1 2
github.com/skaldlabs/skald-go/client.go:209.15,209.40 1 2
github.com/skaldlabs/skald-go/client.go:211.2,211.46 1 2
github.com/skaldlabs/skald-go/client.go:211.46,213.3 1 0
github.com/skaldlabs/skald-go/client.go:215.2,216.67 2 2
github.com/skaldlabs/skald-go/client.go:216.67,218.3 1 0
github.com/skaldlabs/skald-go/client.go:220.2,220.21 1 2
github.com/skaldlabs/skald-go/client.go:224.99,232.16 3 1
github.com/skaldlabs/skald-go/client.go:232.16,234.3 1 0
github.com/skaldlabs/skald-go/client.go:236.2,237.16 2 1
github.com/skaldlabs/skald-go/client.go:237.16,239.3 1 0
github.com/skaldlabs/skald-go/client.go:240.2,240.15 1 1
github.com/skaldlabs/skald-go/client.go:240.15,240.40 1 1
github.com/skaldlabs/skald-go/client.go:242.2,242.46 1 1
github.com/skaldlabs/skald-go/client.go:242.46,244.3 1 0
github.com/skaldlabs/skald-go/client.go:246.2,247.67 2 1
github.com/skaldlabs/skald-go/client.go:247.67,249.3 1 0
github.com/skaldlabs/skald-go/client.go:251.2,251.21 1 1
github.com/skaldlabs/skald-go/client.go:255.123,259.12 3 3
github.com/skaldlabs/skald-go/client.go:259.12,270.17 5 3
github.com/skaldlabs/skald-go/client.go:270.17,273.4 2 0
github.com/skaldlabs/skald-go/client.go:275.3,276.17 2 3
github.com/skaldlabs/skald-go/client.go:276.17,279.4 2 0
github.com/skaldlabs/skald-go/client.go:280.3,280.16 1 3
github.com/skaldlabs/skald-go/client.go:280.16,280.41 1 3
github.com/skaldlabs/skald-go/client.go:282.3,282.47 1 3
github.com/skaldlabs/skald-go/client.go:282.47,285.4 2 0
github.com/skaldlabs/skald-go/client.go:287.3,287.64 1 3
github.com/skaldlabs/skald-go/client.go:287.64,290.4 2 0
github.com/skaldlabs/skald-go/client.go:293.2,293.27 1 3
github.com/skaldlabs/skald-go/client.go:297.129,306.16 3 1
github.com/skaldlabs/skald-go/client.go:306.16,308.3 1 0
github.com/skaldlabs/skald-go/client.go:310.2,311.16 2 1
github.com/skaldlabs/skald-go/client.go:311.16,313.3 1 0
github.com/skaldlabs/skald-go/client.go:314.2,314.15 1 1
github.com/skaldlabs/skald-go/client.go:314.15,314.40 1 1
github.com/skaldlabs/skald-go/client.go:316.2,316.46 1 1
github.com/skaldlabs/skald-go/client.go:316.46,318.3 1 0
github.com/skaldlabs/skald-go/client.go:320.2,321.67 2 1
github.com/skaldlabs/skald-go/client.go:321.67,323.3 1 0
github.com/skaldlabs/skald-go/client.go:325.2,325.21 1 1
github.com/skaldlabs/skald-go/client.go:329.153,333.12 3 1
github.com/skaldlabs/skald-go/client.go:333.12,345.17 5 1
github.com/skaldlabs/skald-go/client.go:345.17,348.4 2 0
github.com/skaldlabs/skald-go/client.go:350.3,351.17 2 1
github.com/skaldlabs/skald-go/client.go:351.17,354.4 2 0
github.com/skaldlabs/skald-go/client.go:355.3,355.16 1 1
github.com/skaldlabs/skald-go/client.go:355.16,355.41 1 1
github.com/skaldlabs/skald-go/client.go:357.3,357.47 1 1
github.com/skaldlabs/skald-go/client.go:357.47,360.4 2 0
github.com/skaldlabs/skald-go/client.go:363.3,364.13 2 1
github.com/skaldlabs/skald-go/client.go:364.13,366.69 2 1
github.com/skaldlabs/skald-go/client.go:366.69,368.5 1 0
github.com/skaldlabs/skald-go/client.go:371.3,371.36 1 1
github.com/skaldlabs/skald-go/client.go:371.36,373.4 1 3
github.com/skaldlabs/skald-go/client.go:376.2,376.27 1 1
github.com/skaldlabs/skald-go/client.go:380.129,382.21 2 18
github.com/skaldlabs/skald-go/client.go:382.21,384.3 1 2
github.com/skaldlabs/skald-go/client.go:386.2,387.16 2 18
github.com/skaldlabs/skald-go/client.go:387.16,389.3 1 0
github.com/skaldlabs/skald-go/client.go:391.2,392.17 2 18
github.com/skaldlabs/skald-go/client.go:392.17,394.3 1 13
github.com/skaldlabs/skald-go/client.go:396.2,396.29 1 18
github.com/skaldlabs/skald-go/client.go:400.59,401.53 1 18
github.com/skaldlabs/skald-go/client.go:401.53,403.3 1 17
github.com/skaldlabs/skald-go/client.go:405.2,406.83 2 1
github.com/skaldlabs/skald-go/client.go:410.89,413.21 2 4
github.com/skaldlabs/skald-go/client.go:413.21,417.49 2 13
github.com/skaldlabs/skald-go/client.go:417.49,418.12 1 2
github.com/skaldlabs/skald-go/client.go:422.3,422.57 1 11
github.com/skaldlabs/skald-go/client.go:422.57,424.64 2 11
github.com/skaldlabs/skald-go/client.go:424.64,426.13 1 1
github.com/skaldlabs/skald-go/client.go:429.4,432.28 2 10
github.com/skaldlabs/skald-go/client.go:432.28,434.5 1 4
github.com/skaldlabs/skald-go/client.go:438.2,438.38 1 0
github.com/skaldlabs/skald-go/client.go:438.38,440.3 1 0
github.com/skaldlabs/skald-go/client.go:442.2,442.12 1 0
