mode: atomic
github.com/skald-org/skald-go/client.go:23.58,25.42 2 20
github.com/skald-org/skald-go/client.go:25.42,27.3 1 2
github.com/skald-org/skald-go/client.go:29.2,33.3 1 20
github.com/skald-org/skald-go/client.go:37.98,39.30 1 4
github.com/skald-org/skald-go/client.go:39.30,41.3 1 3
github.com/skald-org/skald-go/client.go:43.2,44.16 2 4
github.com/skald-org/skald-go/client.go:44.16,46.3 1 0
github.com/skald-org/skald-go/client.go:48.2,49.16 2 4
github.com/skald-org/skald-go/client.go:49.16,51.3 1 0
github.com/skald-org/skald-go/client.go:52.2,52.15 1 4
github.com/skald-org/skald-go/client.go:52.15,52.40 1 4
github.com/skald-org/skald-go/client.go:54.2,54.46 1 4
github.com/skald-org/skald-go/client.go:54.46,56.3 1 1
github.com/skald-org/skald-go/client.go:58.2,59.67 2 3
github.com/skald-org/skald-go/client.go:59.67,61.3 1 0
github.com/skald-org/skald-go/client.go:63.2,63.21 1 3
github.com/skald-org/skald-go/client.go:67.95,69.21 2 3
github.com/skald-org/skald-go/client.go:69.21,71.72 2 3
github.com/skald-org/skald-go/client.go:71.72,73.4 1 1
github.com/skald-org/skald-go/client.go:76.2,77.35 2 2
github.com/skald-org/skald-go/client.go:77.35,79.3 1 1
github.com/skald-org/skald-go/client.go:81.2,83.16 3 2
github.com/skald-org/skald-go/client.go:83.16,85.3 1 0
github.com/skald-org/skald-go/client.go:86.2,86.15 1 2
github.com/skald-org/skald-go/client.go:86.15,86.40 1 2
github.com/skald-org/skald-go/client.go:88.2,88.46 1 2
github.com/skald-org/skald-go/client.go:88.46,90.3 1 0
github.com/skald-org/skald-go/client.go:92.2,93.65 2 2
github.com/skald-org/skald-go/client.go:93.65,95.3 1 0
github.com/skald-org/skald-go/client.go:97.2,97.19 1 2
github.com/skald-org/skald-go/client.go:101.102,103.19 2 1
github.com/skald-org/skald-go/client.go:103.19,104.25 1 1
github.com/skald-org/skald-go/client.go:104.25,106.4 1 1
github.com/skald-org/skald-go/client.go:107.3,107.29 1 1
github.com/skald-org/skald-go/client.go:107.29,109.4 1 1
github.com/skald-org/skald-go/client.go:112.2,113.16 2 1
github.com/skald-org/skald-go/client.go:113.16,115.3 1 0
github.com/skald-org/skald-go/client.go:116.2,116.15 1 1
github.com/skald-org/skald-go/client.go:116.15,116.40 1 1
github.com/skald-org/skald-go/client.go:118.2,118.46 1 1
github.com/skald-org/skald-go/client.go:118.46,120.3 1 0
github.com/skald-org/skald-go/client.go:122.2,123.67 2 1
github.com/skald-org/skald-go/client.go:123.67,125.3 1 0
github.com/skald-org/skald-go/client.go:127.2,127.21 1 1
github.com/skald-org/skald-go/client.go:131.139,133.21 2 1
github.com/skald-org/skald-go/client.go:133.21,135.72 2 0
github.com/skald-org/skald-go/client.go:135.72,137.4 1 0
github.com/skald-org/skald-go/client.go:140.2,141.35 2 1
github.com/skald-org/skald-go/client.go:141.35,143.3 1 0
github.com/skald-org/skald-go/client.go:145.2,146.16 2 1
github.com/skald-org/skald-go/client.go:146.16,148.3 1 0
github.com/skald-org/skald-go/client.go:150.2,152.16 3 1
github.com/skald-org/skald-go/client.go:152.16,154.3 1 0
github.com/skald-org/skald-go/client.go:155.2,155.15 1 1
github.com/skald-org/skald-go/client.go:155.15,155.40 1 1
github.com/skald-org/skald-go/client.go:157.2,157.46 1 1
github.com/skald-org/skald-go/client.go:157.46,159.3 1 0
github.com/skald-org/skald-go/client.go:161.2,162.67 2 1
github.com/skald-org/skald-go/client.go:162.67,164.3 1 0
github.com/skald-org/skald-go/client.go:166.2,166.21 1 1
github.com/skald-org/skald-go/client.go:170.89,172.21 2 2
github.com/skald-org/skald-go/client.go:172.21,174.72 2 0
github.com/skald-org/skald-go/client.go:174.72,176.4 1 0
github.com/skald-org/skald-go/client.go:179.2,180.35 2 2
github.com/skald-org/skald-go/client.go:180.35,182.3 1 0
github.com/skald-org/skald-go/client.go:184.2,186.16 3 2
github.com/skald-org/skald-go/client.go:186.16,188.3 1 0
github.com/skald-org/skald-go/client.go:189.2,189.15 1 2
github.com/skald-org/skald-go/client.go:189.15,189.40 1 2
github.com/skald-org/skald-go/client.go:191.2,191.46 1 2
github.com/skald-org/skald-go/client.go:191.46,193.3 1 0
github.com/skald-org/skald-go/client.go:195.2,195.12 1 2
github.com/skald-org/skald-go/client.go:199.96,201.16 2 2
github.com/skald-org/skald-go/client.go:201.16,203.3 1 0
github.com/skald-org/skald-go/client.go:205.2,206.16 2 2
github.com/skald-org/skald-go/client.go:206.16,208.3 1 0
github.com/skald-org/skald-go/client.go:209.2,209.15 1 2
github.com/skald-org/skald-go/client.go:209.15,209.40 1 2
github.com/skald-org/skald-go/client.go:211.2,211.46 1 2
github.com/skald-org/skald-go/client.go:211.46,213.3 1 0
github.com/skald-org/skald-go/client.go:215.2,216.67 2 2
github.com/skald-org/skald-go/client.go:216.67,218.3 1 0
github.com/skald-org/skald-go/client.go:220.2,220.21 1 2
github.com/skald-org/skald-go/client.go:224.92,232.16 3 1
github.com/skald-org/skald-go/client.go:232.16,234.3 1 0
github.com/skald-org/skald-go/client.go:236.2,237.16 2 1
github.com/skald-org/skald-go/client.go:237.16,239.3 1 0
github.com/skald-org/skald-go/client.go:240.2,240.15 1 1
github.com/skald-org/skald-go/client.go:240.15,240.40 1 1
github.com/skald-org/skald-go/client.go:242.2,242.46 1 1
github.com/skald-org/skald-go/client.go:242.46,244.3 1 0
github.com/skald-org/skald-go/client.go:246.2,247.67 2 1
github.com/skald-org/skald-go/client.go:247.67,249.3 1 0
github.com/skald-org/skald-go/client.go:251.2,251.29 1 1
github.com/skald-org/skald-go/client.go:255.123,259.12 3 3
github.com/skald-org/skald-go/client.go:259.12,270.17 5 3
github.com/skald-org/skald-go/client.go:270.17,273.4 2 0
github.com/skald-org/skald-go/client.go:275.3,276.17 2 3
github.com/skald-org/skald-go/client.go:276.17,279.4 2 0
github.com/skald-org/skald-go/client.go:280.3,280.16 1 3
github.com/skald-org/skald-go/client.go:280.16,280.41 1 3
github.com/skald-org/skald-go/client.go:282.3,282.47 1 3
github.com/skald-org/skald-go/client.go:282.47,285.4 2 0
github.com/skald-org/skald-go/client.go:287.3,287.64 1 3
github.com/skald-org/skald-go/client.go:287.64,290.4 2 0
github.com/skald-org/skald-go/client.go:293.2,293.27 1 3
github.com/skald-org/skald-go/client.go:297.129,299.21 2 16
github.com/skald-org/skald-go/client.go:299.21,301.3 1 2
github.com/skald-org/skald-go/client.go:303.2,304.16 2 16
github.com/skald-org/skald-go/client.go:304.16,306.3 1 0
github.com/skald-org/skald-go/client.go:308.2,309.17 2 16
github.com/skald-org/skald-go/client.go:309.17,311.3 1 11
github.com/skald-org/skald-go/client.go:313.2,313.29 1 16
github.com/skald-org/skald-go/client.go:317.59,318.53 1 16
github.com/skald-org/skald-go/client.go:318.53,320.3 1 15
github.com/skald-org/skald-go/client.go:322.2,323.83 2 1
github.com/skald-org/skald-go/client.go:327.89,330.21 2 3
github.com/skald-org/skald-go/client.go:330.21,334.49 2 10
github.com/skald-org/skald-go/client.go:334.49,335.12 1 2
github.com/skald-org/skald-go/client.go:339.3,339.40 1 8
github.com/skald-org/skald-go/client.go:339.40,343.63 3 8
github.com/skald-org/skald-go/client.go:343.63,345.13 1 1
github.com/skald-org/skald-go/client.go:348.4,351.28 2 7
github.com/skald-org/skald-go/client.go:351.28,353.5 1 3
github.com/skald-org/skald-go/client.go:357.2,357.38 1 0
github.com/skald-org/skald-go/client.go:357.38,359.3 1 0
github.com/skald-org/skald-go/client.go:361.2,361.12 1 0
